<html>
<head>
<title>TestNG:  Default test</title>
<link href="../testng.css" rel="stylesheet" type="text/css" />
<link href="../my-testng.css" rel="stylesheet" type="text/css" />

<style type="text/css">
.log { display: none;} 
.stack-trace { display: none;} 
</style>
<script type="text/javascript">
<!--
function flip(e) {
  current = e.style.display;
  if (current == 'block') {
    e.style.display = 'none';
    return 0;
  }
  else {
    e.style.display = 'block';
    return 1;
  }
}

function toggleBox(szDivId, elem, msg1, msg2)
{
  var res = -1;  if (document.getElementById) {
    res = flip(document.getElementById(szDivId));
  }
  else if (document.all) {
    // this is the way old msie versions work
    res = flip(document.all[szDivId]);
  }
  if(elem) {
    if(res == 0) elem.innerHTML = msg1; else elem.innerHTML = msg2;
  }

}

function toggleAllBoxes() {
  if (document.getElementsByTagName) {
    d = document.getElementsByTagName('div');
    for (i = 0; i < d.length; i++) {
      if (d[i].className == 'log') {
        flip(d[i]);
      }
    }
  }
}

// -->
</script>

</head>
<body>
<h2 align='center'>Default test</h2><table border='1' align="center">
<tr>
<td>Tests passed/Failed/Skipped:</td><td>0/0/15</td>
</tr><tr>
<td>Started on:</td><td>Sat Apr 12 15:46:55 EEST 2014</td>
</tr>
<tr><td>Total time:</td><td>0 seconds (605 ms)</td>
</tr><tr>
<td>Included groups:</td><td></td>
</tr><tr>
<td>Excluded groups:</td><td></td>
</tr>
</table><p/>
<small><i>(Hover the method name to see the test class name)</i></small><p/>
<table width='100%' border='1' class='invocation-failed'>
<tr><td colspan='4' align='center'><b>FAILED CONFIGURATIONS</b></td></tr>
<tr><td><b>Test method</b></td>
<td width="30%"><b>Exception</b></td>
<td width="10%"><b>Time (seconds)</b></td>
<td><b>Instance</b></td>
</tr>
<tr>
<td title='com.example.tests.GroupCreationTests.setUp()'><b>setUp</b><br>Test class: com.example.tests.GroupCreationTests</td>
<td><div><pre>java.lang.IllegalStateException: The driver executable does not exist: /Users/nataliiapavlenko/Documents/Java_dev/PFT-17_nataliia.pavlenko.addressbook_selenium_tests/chromedriver
	at com.google.common.base.Preconditions.checkState(Preconditions.java:177)
	at org.openqa.selenium.remote.service.DriverService.checkExecutable(DriverService.java:117)
	at org.openqa.selenium.remote.service.DriverService.findExecutable(DriverService.java:112)
	at org.openqa.selenium.chrome.ChromeDriverService.createDefaultService(ChromeDriverService.java:82)
	at org.openqa.selenium.chrome.ChromeDriver.&lt;init&gt;(ChromeDriver.java:106)
	at com.example.fw.ApplicationManager.&lt;init&gt;(ApplicationManager.java:34)
	at com.example.tests.TestBase.setUp(TestBase.java:28)
	at sun.reflect.NativeMethodAccessorImpl.invoke0(Native Method)
	at sun.reflect.NativeMethodAccessorImpl.invoke(NativeMethodAccessorImpl.java:57)
	at sun.reflect.DelegatingMethodAccessorImpl.invoke(DelegatingMethodAccessorImpl.java:43)
	at java.lang.reflect.Method.invoke(Method.java:606)
	at org.testng.internal.MethodInvocationHelper.invokeMethod(MethodInvocationHelper.java:84)
	at org.testng.internal.Invoker.invokeConfigurationMethod(Invoker.java:564)
	at org.testng.internal.Invoker.invokeConfigurations(Invoker.java:213)
	at org.testng.internal.Invoker.invokeConfigurations(Invoker.java:138)
	at org.testng.TestRunner.beforeRun(TestRunner.java:641)
	at org.testng.TestRunner.run(TestRunner.java:609)
	at org.testng.SuiteRunner.runTest(SuiteRunner.java:334)
	at org.testng.SuiteRunner.runSequentially(SuiteRunner.java:329)
	at org.testng.SuiteRunner.privateRun(SuiteRunner.java:291)
	at org.testng.SuiteRunner.run(SuiteRunner.java:240)
	at org.testng.SuiteRunnerWorker.runSuite(SuiteRunnerWorker.java:52)
	at org.testng.SuiteRunnerWorker.run(SuiteRunnerWorker.java:86)
	at org.testng.TestNG.runSuitesSequentially(TestNG.java:1224)
	at org.testng.TestNG.runSuitesLocally(TestNG.java:1149)
	at org.testng.TestNG.run(TestNG.java:1057)
	at org.testng.TestNG.privateMain(TestNG.java:1364)
	at org.testng.TestNG.main(TestNG.java:1333)
</pre></div><a href='#' onClick='toggleBox("stack-trace1483436911", this, "Click to show all stack frames", "Click to hide stack frames")'>Click to show all stack frames</a>
<div class='stack-trace' id='stack-trace1483436911'><pre>java.lang.IllegalStateException: The driver executable does not exist: /Users/nataliiapavlenko/Documents/Java_dev/PFT-17_nataliia.pavlenko.addressbook_selenium_tests/chromedriver
	at com.google.common.base.Preconditions.checkState(Preconditions.java:177)
	at org.openqa.selenium.remote.service.DriverService.checkExecutable(DriverService.java:117)
	at org.openqa.selenium.remote.service.DriverService.findExecutable(DriverService.java:112)
	at org.openqa.selenium.chrome.ChromeDriverService.createDefaultService(ChromeDriverService.java:82)
	at org.openqa.selenium.chrome.ChromeDriver.&lt;init&gt;(ChromeDriver.java:106)
	at com.example.fw.ApplicationManager.&lt;init&gt;(ApplicationManager.java:34)
	at com.example.tests.TestBase.setUp(TestBase.java:28)
	at sun.reflect.NativeMethodAccessorImpl.invoke0(Native Method)
	at sun.reflect.NativeMethodAccessorImpl.invoke(NativeMethodAccessorImpl.java:57)
	at sun.reflect.DelegatingMethodAccessorImpl.invoke(DelegatingMethodAccessorImpl.java:43)
	at java.lang.reflect.Method.invoke(Method.java:606)
	at org.testng.internal.MethodInvocationHelper.invokeMethod(MethodInvocationHelper.java:84)
	at org.testng.internal.Invoker.invokeConfigurationMethod(Invoker.java:564)
	at org.testng.internal.Invoker.invokeConfigurations(Invoker.java:213)
	at org.testng.internal.Invoker.invokeConfigurations(Invoker.java:138)
	at org.testng.TestRunner.beforeRun(TestRunner.java:641)
	at org.testng.TestRunner.run(TestRunner.java:609)
	at org.testng.SuiteRunner.runTest(SuiteRunner.java:334)
	at org.testng.SuiteRunner.runSequentially(SuiteRunner.java:329)
	at org.testng.SuiteRunner.privateRun(SuiteRunner.java:291)
	at org.testng.SuiteRunner.run(SuiteRunner.java:240)
	at org.testng.SuiteRunnerWorker.runSuite(SuiteRunnerWorker.java:52)
	at org.testng.SuiteRunnerWorker.run(SuiteRunnerWorker.java:86)
	at org.testng.TestNG.runSuitesSequentially(TestNG.java:1224)
	at org.testng.TestNG.runSuitesLocally(TestNG.java:1149)
	at org.testng.TestNG.run(TestNG.java:1057)
	at org.testng.TestNG.privateMain(TestNG.java:1364)
	at org.testng.TestNG.main(TestNG.java:1333)
</pre></div></td>
<td>0</td>
<td>null</td></tr>
</table><p>
<table width='100%' border='1' class='invocation-skipped'>
<tr><td colspan='4' align='center'><b>SKIPPED CONFIGURATIONS</b></td></tr>
<tr><td><b>Test method</b></td>
<td width="30%"><b>Exception</b></td>
<td width="10%"><b>Time (seconds)</b></td>
<td><b>Instance</b></td>
</tr>
<tr>
<td title='com.example.tests.GroupCreationTests.tearDown()'><b>tearDown</b><br>Test class: com.example.tests.GroupCreationTests</td>
<td></td>
<td>0</td>
<td>null</td></tr>
</table><p>
<table width='100%' border='1' class='invocation-skipped'>
<tr><td colspan='4' align='center'><b>SKIPPED TESTS</b></td></tr>
<tr><td><b>Test method</b></td>
<td width="30%"><b>Exception</b></td>
<td width="10%"><b>Time (seconds)</b></td>
<td><b>Instance</b></td>
</tr>
<tr>
<td title='com.example.tests.ContactCreationTests.testContactCreationWithValidData()'><b>testContactCreationWithValidData</b><br>Test class: com.example.tests.ContactCreationTests<br>Parameters: ContactData [lastname=lastname-1428088703, firstname=firstname350642364 ]</td>
<td></td>
<td>0</td>
<td>com.example.tests.ContactCreationTests@787ad957</td></tr>
<tr>
<td title='com.example.tests.ContactCreationTests.testContactCreationWithValidData()'><b>testContactCreationWithValidData</b><br>Test class: com.example.tests.ContactCreationTests<br>Parameters: ContactData [lastname=lastname768378918, firstname= ]</td>
<td></td>
<td>0</td>
<td>com.example.tests.ContactCreationTests@787ad957</td></tr>
<tr>
<td title='com.example.tests.ContactCreationTests.testContactCreationWithValidData()'><b>testContactCreationWithValidData</b><br>Test class: com.example.tests.ContactCreationTests<br>Parameters: ContactData [lastname=lastname-739266016, firstname= ]</td>
<td></td>
<td>0</td>
<td>com.example.tests.ContactCreationTests@787ad957</td></tr>
<tr>
<td title='com.example.tests.ContactCreationTests.testContactCreationWithValidData()'><b>testContactCreationWithValidData</b><br>Test class: com.example.tests.ContactCreationTests<br>Parameters: ContactData [lastname=, firstname=firstname-181500523 ]</td>
<td></td>
<td>0</td>
<td>com.example.tests.ContactCreationTests@787ad957</td></tr>
<tr>
<td title='com.example.tests.ContactCreationTests.testContactCreationWithValidData()'><b>testContactCreationWithValidData</b><br>Test class: com.example.tests.ContactCreationTests<br>Parameters: ContactData [lastname=, firstname=firstname-1494737620 ]</td>
<td></td>
<td>0</td>
<td>com.example.tests.ContactCreationTests@787ad957</td></tr>
<tr>
<td title='com.example.tests.GroupCreationTests.testGroupCreationWithValidData()'><b>testGroupCreationWithValidData</b><br>Test class: com.example.tests.GroupCreationTests<br>Parameters: GroupData [name=, header=, footer=groupfooter611295525]</td>
<td></td>
<td>0</td>
<td>com.example.tests.GroupCreationTests@220acc95</td></tr>
<tr>
<td title='com.example.tests.GroupCreationTests.testGroupCreationWithValidData()'><b>testGroupCreationWithValidData</b><br>Test class: com.example.tests.GroupCreationTests<br>Parameters: GroupData [name=, header=groupheader1038110676, footer=groupfooter756500969]</td>
<td></td>
<td>0</td>
<td>com.example.tests.GroupCreationTests@220acc95</td></tr>
<tr>
<td title='com.example.tests.GroupCreationTests.testGroupCreationWithValidData()'><b>testGroupCreationWithValidData</b><br>Test class: com.example.tests.GroupCreationTests<br>Parameters: GroupData [name=groupname-64487982, header=groupheader924513906, footer=groupfooter641456853]</td>
<td></td>
<td>0</td>
<td>com.example.tests.GroupCreationTests@220acc95</td></tr>
<tr>
<td title='com.example.tests.GroupCreationTests.testGroupCreationWithValidData()'><b>testGroupCreationWithValidData</b><br>Test class: com.example.tests.GroupCreationTests<br>Parameters: GroupData [name=groupname-1226096136, header=groupheader494720150, footer=groupfooter-2077465779]</td>
<td></td>
<td>0</td>
<td>com.example.tests.GroupCreationTests@220acc95</td></tr>
<tr>
<td title='com.example.tests.GroupCreationTests.testGroupCreationWithValidData()'><b>testGroupCreationWithValidData</b><br>Test class: com.example.tests.GroupCreationTests<br>Parameters: GroupData [name=, header=groupheader827806018, footer=groupfooter-538817785]</td>
<td></td>
<td>0</td>
<td>com.example.tests.GroupCreationTests@220acc95</td></tr>
<tr>
<td title='com.example.tests.GroupCreationTests.testGroupCreationWithValidData()'><b>testGroupCreationWithValidData</b><br>Test class: com.example.tests.GroupCreationTests<br>Parameters: GroupData [name=, header=groupheader350850724, footer=groupfooter1939008206]</td>
<td></td>
<td>0</td>
<td>com.example.tests.GroupCreationTests@220acc95</td></tr>
<tr>
<td title='com.example.tests.GroupCreationTests.testGroupCreationWithValidData()'><b>testGroupCreationWithValidData</b><br>Test class: com.example.tests.GroupCreationTests<br>Parameters: GroupData [name=groupname-1592855300, header=groupheader1599621654, footer=]</td>
<td></td>
<td>0</td>
<td>com.example.tests.GroupCreationTests@220acc95</td></tr>
<tr>
<td title='com.example.tests.GroupCreationTests.testGroupCreationWithValidData()'><b>testGroupCreationWithValidData</b><br>Test class: com.example.tests.GroupCreationTests<br>Parameters: GroupData [name=groupname1836760523, header=, footer=]</td>
<td></td>
<td>0</td>
<td>com.example.tests.GroupCreationTests@220acc95</td></tr>
<tr>
<td title='com.example.tests.GroupCreationTests.testGroupCreationWithValidData()'><b>testGroupCreationWithValidData</b><br>Test class: com.example.tests.GroupCreationTests<br>Parameters: GroupData [name=, header=, footer=groupfooter-464291723]</td>
<td></td>
<td>0</td>
<td>com.example.tests.GroupCreationTests@220acc95</td></tr>
<tr>
<td title='com.example.tests.GroupCreationTests.testGroupCreationWithValidData()'><b>testGroupCreationWithValidData</b><br>Test class: com.example.tests.GroupCreationTests<br>Parameters: GroupData [name=, header=groupheader-991104387, footer=groupfooter1368412120]</td>
<td></td>
<td>0</td>
<td>com.example.tests.GroupCreationTests@220acc95</td></tr>
</table><p>
</body>
</html>